(node:6241) fs: re-evaluating native module sources is not supported. If you are using the graceful-fs module, please update it to a more recent version.
(node:6241) DeprecationWarning: child_process: options.customFds option is deprecated. Use options.stdio instead.
In file included from ../ext/bson.h:17:0,
                 from ../ext/bson.cc:36:
../node_modules/nan/nan.h:590:20: error: variable or field ‘AddGCEpilogueCallback’ declared void
       v8::Isolate::GCEpilogueCallback callback
                    ^
../node_modules/nan/nan.h:590:7: error: ‘GCEpilogueCallback’ is not a member of ‘v8::Isolate’
       v8::Isolate::GCEpilogueCallback callback
       ^
../node_modules/nan/nan.h:591:18: error: expected primary-expression before ‘gc_type_filter’
     , v8::GCType gc_type_filter = v8::kGCTypeAll) {
                  ^
../node_modules/nan/nan.h:596:20: error: variable or field ‘RemoveGCEpilogueCallback’ declared void
       v8::Isolate::GCEpilogueCallback callback) {
                    ^
../node_modules/nan/nan.h:596:7: error: ‘GCEpilogueCallback’ is not a member of ‘v8::Isolate’
       v8::Isolate::GCEpilogueCallback callback) {
       ^
../node_modules/nan/nan.h:601:20: error: variable or field ‘AddGCPrologueCallback’ declared void
       v8::Isolate::GCPrologueCallback callback
                    ^
../node_modules/nan/nan.h:601:7: error: ‘GCPrologueCallback’ is not a member of ‘v8::Isolate’
       v8::Isolate::GCPrologueCallback callback
       ^
../node_modules/nan/nan.h:602:18: error: expected primary-expression before ‘gc_type_filter’
     , v8::GCType gc_type_filter = v8::kGCTypeAll) {
                  ^
../node_modules/nan/nan.h:607:20: error: variable or field ‘RemoveGCPrologueCallback’ declared void
       v8::Isolate::GCPrologueCallback callback) {
                    ^
../node_modules/nan/nan.h:607:7: error: ‘GCPrologueCallback’ is not a member of ‘v8::Isolate’
       v8::Isolate::GCPrologueCallback callback) {
       ^
make: *** [Release/obj.target/bson/ext/bson.o] Error 1
gyp ERR! build error 
gyp ERR! stack Error: `make` failed with exit code: 2
gyp ERR! stack     at ChildProcess.onExit (/usr/local/lib/node_modules/npm/node_modules/node-gyp/lib/build.js:267:23)
gyp ERR! stack     at emitTwo (events.js:106:13)
gyp ERR! stack     at ChildProcess.emit (events.js:191:7)
gyp ERR! stack     at Process.ChildProcess._handle.onexit (internal/child_process.js:219:12)
gyp ERR! System Linux 3.16.0-53-generic
gyp ERR! command "/usr/bin/node" "/usr/local/lib/node_modules/npm/node_modules/node-gyp/bin/node-gyp.js" "rebuild"
gyp ERR! cwd /home/developer/381project/node_modules/mongoose/node_modules/bson/node_modules/bson-ext
gyp ERR! node -v v6.14.3
gyp ERR! node-gyp -v v1.0.2
gyp ERR! not ok 
